#
# A fatal error has been detected by the Java Runtime Environment:
#
#  EXCEPTION_ACCESS_VIOLATION (0xc0000005) at pc=0x00007ffd264f0c20, pid=16184, tid=15844
#
# JRE version: Java(TM) SE Runtime Environment (8.0_25-b18) (build 1.8.0_25-b18)
# Java VM: Java HotSpot(TM) 64-Bit Server VM (25.25-b02 mixed mode windows-amd64 compressed oops)
# Problematic frame:
# C  0x00007ffd264f0c20
#
# Failed to write core dump. Minidumps are not enabled by default on client versions of Windows
#
# If you would like to submit a bug report, please visit:
#   http://bugreport.sun.com/bugreport/crash.jsp
# The crash happened outside the Java Virtual Machine in native code.
# See problematic frame for where to report the bug.
#

---------------  T H R E A D  ---------------

Current thread (0x0000021321e3e800):  JavaThread "AWT-EventQueue-1" [_thread_in_native, id=15844, stack(0x000000af96400000,0x000000af96900000)]

siginfo: ExceptionCode=0xc0000005, reading address 0x00000000000001df

Registers:
RAX=0x00000d61628802a2, RBX=0x000002134d6992a0, RCX=0x000000000000000f, RDX=0x000000af968fbea8
RSP=0x000000af968fbd28, RBP=0x000000af968fbe98, RSI=0x0000000000000001, RDI=0x0000021349786d88
R8 =0x000002134676d700, R9 =0x00000000e008f884, R10=0x0000021321f26c2f, R11=0x00000000638b2810
R12=0x0000000000000000, R13=0x000002134d6992a0, R14=0x000000af968fbec0, R15=0x0000021321e3e800
RIP=0x00007ffd264f0c20, EFLAGS=0x0000000000010206

Top of Stack: (sp=0x000000af968fbd28)
0x000000af968fbd28:   00007ffd2676c03b 0000000000000001
0x000000af968fbd38:   000000070208cf58 000002b000000000
0x000000af968fbd48:   000000000000022b 000002134d6992a0
0x000000af968fbd58:   00007ffd2689e8bf 0000000700000002
0x000000af968fbd68:   0000021321e3e800 00000007022420a8
0x000000af968fbd78:   00000007bd1ed0f0 0000021321e3e9e8
0x000000af968fbd88:   000002132293dcec fffffffffffffffe
0x000000af968fbd98:   0000000701811088 0000000000000001
0x000000af968fbda8:   0000000701464f90 000000af968fbe90
0x000000af968fbdb8:   00000213233b9a54 00000007bd1ec628
0x000000af968fbdc8:   0000000000000000 00000007bd1ea100
0x000000af968fbdd8:   0000021321e3e800 0000000701dd2ee0
0x000000af968fbde8:   00000007bd1ed0d0 00000007020c3dc0
0x000000af968fbdf8:   0000000701811088 00000007bd1ed0f0
0x000000af968fbe08:   00000d61628802a2 00000007022420a8
0x000000af968fbe18:   0000021321f26c5b 000000af968fbe90 

Instructions: (pc=0x00007ffd264f0c20)
0x00007ffd264f0c00:   48 8b 89 00 02 00 00 e9 94 8c 02 00 cc cc cc cc
0x00007ffd264f0c10:   48 8b 89 00 02 00 00 e9 94 8c 02 00 cc cc cc cc
0x00007ffd264f0c20:   48 8b 89 d0 01 00 00 48 85 c9 0f 85 30 98 02 00
0x00007ffd264f0c30:   32 c0 c3 cc cc cc cc cc cc cc cc cc cc cc cc cc 


Register to memory mapping:

RAX=0x00000d61628802a2 is an unknown value
RBX={method} {0x000002134d6992a8} 'HWDevice_isXicomCfgMemSupported' '(J)Z' in 'ui/data/labtools/lthwdatai'
RCX=0x000000000000000f is an unknown value
RDX=0x000000af968fbea8 is pointing into the stack for thread: 0x0000021321e3e800
RSP=0x000000af968fbd28 is pointing into the stack for thread: 0x0000021321e3e800
RBP=0x000000af968fbe98 is pointing into the stack for thread: 0x0000021321e3e800
RSI=0x0000000000000001 is an unknown value
RDI=0x0000021349786d88 is pointing into metadata
R8 =0x000002134676d700 is an unknown value
R9 =0x00000000e008f884 is an unknown value
R10=0x0000021321f26c2f is at code_begin+911 in an Interpreter codelet
method entry point (kind = native)  [0x0000021321f268a0, 0x0000021321f272c0]  2592 bytes
R11=0x00000000638b2810 is an unknown value
R12=0x0000000000000000 is an unknown value
R13={method} {0x000002134d6992a8} 'HWDevice_isXicomCfgMemSupported' '(J)Z' in 'ui/data/labtools/lthwdatai'
R14=0x000000af968fbec0 is pointing into the stack for thread: 0x0000021321e3e800
R15=0x0000021321e3e800 is a thread


Stack: [0x000000af96400000,0x000000af96900000],  sp=0x000000af968fbd28,  free space=5103k
Native frames: (J=compiled Java code, j=interpreted, Vv=VM code, C=native code)
C  0x00007ffd264f0c20

Java frames: (J=compiled Java code, j=interpreted, Vv=VM code)
j  ui.data.labtools.lthwdatai.HWDevice_isXicomCfgMemSupported(J)Z+0
j  ui.data.labtools.a.bdn()Z+4
j  ui.views.b.m.d.a.aY()Z+22
j  ui.views.b.m.d.d.l(Lui/views/J/e;)Z+1
J 7534 C1 ui.views.J.n.k(Lui/views/J/W;)Z (51 bytes) @ 0x00000213235f9cec [0x00000213235f99a0+0x34c]
J 11508 C2 ui.views.J.j.getTreeCellRendererComponent(Ljavax/swing/JTree;Ljava/lang/Object;ZZZIZ)Ljava/awt/Component; (433 bytes) @ 0x00000213241b3874 [0x00000213241b1a40+0x1e34]
J 11506 C2 org.jdesktop.swingx.JXTree$DelegatingRenderer.getTreeCellRendererComponent(Ljavax/swing/JTree;Ljava/lang/Object;ZZZIZ)Ljava/awt/Component; (75 bytes) @ 0x00000213241a250c [0x00000213241a24a0+0x6c]
J 10823 C2 javax.swing.plaf.basic.BasicTreeUI$NodeDimensionsHandler.getNodeDimensions(Ljava/lang/Object;IIZLjava/awt/Rectangle;)Ljava/awt/Rectangle; (297 bytes) @ 0x0000021322609d90 [0x0000021322609c80+0x110]
J 5988 C1 javax.swing.tree.VariableHeightLayoutCache$TreeStateNode.updatePreferredSize(I)V (142 bytes) @ 0x000002132206eaec [0x000002132206e500+0x5ec]
J 7971 C1 javax.swing.tree.VariableHeightLayoutCache$TreeStateNode.expand(Z)V (532 bytes) @ 0x00000213237b8584 [0x00000213237b7320+0x1264]
J 11227 C1 javax.swing.tree.VariableHeightLayoutCache.ensurePathIsExpanded(Ljavax/swing/tree/TreePath;Z)V (56 bytes) @ 0x0000021323235aac [0x0000021323235000+0xaac]
J 10619 C1 javax.swing.tree.VariableHeightLayoutCache.setExpandedState(Ljavax/swing/tree/TreePath;Z)V (38 bytes) @ 0x0000021322287f04 [0x00000213222875a0+0x964]
J 10802 C1 javax.swing.plaf.basic.BasicTreeUI.updateExpandedDescendants(Ljavax/swing/tree/TreePath;)V (73 bytes) @ 0x0000021323ef75f4 [0x0000021323ef73e0+0x214]
J 6728 C1 javax.swing.plaf.basic.BasicTreeUI$Handler.treeExpanded(Ljavax/swing/event/TreeExpansionEvent;)V (28 bytes) @ 0x000002132330812c [0x0000021323307f80+0x1ac]
J 6737 C1 javax.swing.JTree.fireTreeExpanded(Ljavax/swing/tree/TreePath;)V (107 bytes) @ 0x0000021323312894 [0x0000021323312560+0x334]
J 6775 C1 javax.swing.JTree.setExpandedState(Ljavax/swing/tree/TreePath;Z)V (422 bytes) @ 0x0000021323332424 [0x000002132332ec80+0x37a4]
J 6805 C1 javax.swing.JTree.expandPath(Ljavax/swing/tree/TreePath;)V (33 bytes) @ 0x000002132334a1c4 [0x0000021323349ea0+0x324]
j  ui.g.i.v.Y.N(Ljava/util/List;)V+65
j  ui.g.i.v.Y.cvv()V+17
j  ui.views.J.u.update()V+18
j  ui.views.J.G.update()V+4
j  ui.views.J.W.fgw()V+11
j  ui.ba.cf()V+8
j  ui.ba.Q()V+15
j  ui.g.N.ail()V+31
j  ui.frmwork.c.dmQ()Z+235
j  ui.views.cD.actionPerformed(Ljava/awt/event/ActionEvent;)V+4
j  javax.swing.AbstractButton.fireActionPerformed(Ljava/awt/event/ActionEvent;)V+83
j  javax.swing.AbstractButton$Handler.actionPerformed(Ljava/awt/event/ActionEvent;)V+5
j  javax.swing.DefaultButtonModel.fireActionPerformed(Ljava/awt/event/ActionEvent;)V+34
j  javax.swing.DefaultButtonModel.setPressed(Z)V+117
j  javax.swing.AbstractButton.doClick(I)V+64
j  com.jidesoft.plaf.vsnet.VsnetMenuItemUI.doClick(Ljavax/swing/MenuSelectionManager;)V+17
j  com.jidesoft.plaf.vsnet.VsnetMenuItemUI$MouseInputHandler.mouseReleased(Ljava/awt/event/MouseEvent;)V+85
j  java.awt.AWTEventMulticaster.mouseReleased(Ljava/awt/event/MouseEvent;)V+8
j  java.awt.AWTEventMulticaster.mouseReleased(Ljava/awt/event/MouseEvent;)V+8
J 10408 C1 java.awt.Component.processMouseEvent(Ljava/awt/event/MouseEvent;)V (100 bytes) @ 0x0000021323cbbebc [0x0000021323cbbb20+0x39c]
J 10407 C1 javax.swing.JComponent.processMouseEvent(Ljava/awt/event/MouseEvent;)V (27 bytes) @ 0x0000021323cbc77c [0x0000021323cbc560+0x21c]
J 8585 C2 java.awt.Container.processEvent(Ljava/awt/AWTEvent;)V (22 bytes) @ 0x00000213225de878 [0x00000213225de700+0x178]
J 8880 C2 java.awt.Component.dispatchEventImpl(Ljava/awt/AWTEvent;)V (883 bytes) @ 0x000002132315f750 [0x000002132315ee80+0x8d0]
J 8922 C2 java.awt.Container.dispatchEventImpl(Ljava/awt/AWTEvent;)V (129 bytes) @ 0x0000021322aadf38 [0x0000021322aadee0+0x58]
J 9163 C2 java.awt.LightweightDispatcher.retargetMouseEvent(Ljava/awt/Component;ILjava/awt/event/MouseEvent;)V (350 bytes) @ 0x0000021323b767c8 [0x0000021323b761a0+0x628]
J 8180 C1 java.awt.LightweightDispatcher.processMouseEvent(Ljava/awt/event/MouseEvent;)Z (301 bytes) @ 0x000002132388d35c [0x000002132388c060+0x12fc]
J 8922 C2 java.awt.Container.dispatchEventImpl(Ljava/awt/AWTEvent;)V (129 bytes) @ 0x0000021322aae2c4 [0x0000021322aadee0+0x3e4]
J 7708 C1 java.awt.Window.dispatchEventImpl(Ljava/awt/AWTEvent;)V (23 bytes) @ 0x00000213236a99e4 [0x00000213236a9400+0x5e4]
J 8667 C2 java.awt.EventQueue$3.run()Ljava/lang/Object; (5 bytes) @ 0x00000213231efc54 [0x00000213231ef860+0x3f4]
v  ~StubRoutines::call_stub
J 1602  java.security.AccessController.doPrivileged(Ljava/security/PrivilegedAction;Ljava/security/AccessControlContext;)Ljava/lang/Object; (0 bytes) @ 0x000002132248c9e6 [0x000002132248c980+0x66]
J 8356 C2 java.security.ProtectionDomain$1.doIntersectionPrivilege(Ljava/security/PrivilegedAction;Ljava/security/AccessControlContext;Ljava/security/AccessControlContext;)Ljava/lang/Object; (32 bytes) @ 0x00000213225b2e54 [0x00000213225b2d80+0xd4]
J 6370 C1 java.awt.EventQueue$4.run()Ljava/lang/Object; (5 bytes) @ 0x00000213231bec14 [0x00000213231be820+0x3f4]
v  ~StubRoutines::call_stub
J 1602  java.security.AccessController.doPrivileged(Ljava/security/PrivilegedAction;Ljava/security/AccessControlContext;)Ljava/lang/Object; (0 bytes) @ 0x000002132248c9e6 [0x000002132248c980+0x66]
J 8647 C2 ui.frmwork.a.e.dispatchEvent(Ljava/awt/AWTEvent;)V (30 bytes) @ 0x0000021322e735f8 [0x0000021322e733a0+0x258]
J 9468 C2 java.awt.EventDispatchThread.pumpOneEventForFilters(I)V (295 bytes) @ 0x0000021323875f40 [0x0000021323875c60+0x2e0]
j  java.awt.EventDispatchThread.pumpEventsForFilter(ILjava/awt/Conditional;Ljava/awt/EventFilter;)V+35
j  java.awt.EventDispatchThread.pumpEventsForHierarchy(ILjava/awt/Conditional;Ljava/awt/Component;)V+11
j  java.awt.EventDispatchThread.pumpEvents(ILjava/awt/Conditional;)V+4
j  java.awt.EventDispatchThread.pumpEvents(Ljava/awt/Conditional;)V+3
j  java.awt.EventDispatchThread.run()V+9
v  ~StubRoutines::call_stub

---------------  P R O C E S S  ---------------

Java Threads: ( => current thread )
  0x0000021339fb1800 JavaThread "Image Fetcher 1" daemon [_thread_blocked, id=3560, stack(0x000000afbc000000,0x000000afbc500000)]
  0x000002134676c000 JavaThread "Image Fetcher 0" daemon [_thread_blocked, id=3128, stack(0x000000afbbb00000,0x000000afbc000000)]
  0x000002134626c000 JavaThread "Thread-76" [_thread_in_native, id=26752, stack(0x000000afaac00000,0x000000afaad00000)]
  0x000002133b37b800 JavaThread "Refresh links" [_thread_blocked, id=18304, stack(0x000000afaa200000,0x000000afaa700000)]
  0x000002133b75f800 JavaThread "Refresh GTs" [_thread_blocked, id=25180, stack(0x000000afa9d00000,0x000000afaa200000)]
  0x0000021347c2f800 JavaThread "Monitor File Timestamp" [_thread_blocked, id=20776, stack(0x000000af9d800000,0x000000af9dd00000)]
  0x0000021340a7d800 JavaThread "hw_ila_monitor" [_thread_blocked, id=12028, stack(0x000000af9ad00000,0x000000af9b200000)]
  0x000002133b987800 JavaThread "Update Runs" [_thread_blocked, id=13436, stack(0x000000af99e00000,0x000000af9a300000)]
  0x000002133ca8b000 JavaThread "Refresh Filesets" [_thread_blocked, id=15372, stack(0x000000af99900000,0x000000af99e00000)]
  0x000002133cc68000 JavaThread "Swing-Shell" daemon [_thread_blocked, id=13116, stack(0x000000af98700000,0x000000af98c00000)]
  0x0000021321d71800 JavaThread "Monitor File Timestamp" [_thread_blocked, id=7016, stack(0x000000af97d00000,0x000000af98200000)]
=>0x0000021321e3e800 JavaThread "AWT-EventQueue-1" [_thread_in_native, id=15844, stack(0x000000af96400000,0x000000af96900000)]
  0x0000021321e3f800 JavaThread "Process Messages" [_thread_blocked, id=6960, stack(0x000000af95f00000,0x000000af96400000)]
  0x00000213216c3800 JavaThread "Thread-3" [_thread_in_native, id=5904, stack(0x000000af8f700000,0x000000af90b00000)]
  0x000002133a109800 JavaThread "AWT-EventQueue-0" [_thread_blocked, id=25448, stack(0x000000af95a00000,0x000000af95f00000)]
  0x000002133a10a800 JavaThread "AWT-Windows" daemon [_thread_in_native, id=13528, stack(0x000000af95500000,0x000000af95a00000)]
  0x000002133a10c000 JavaThread "AWT-Shutdown" [_thread_blocked, id=9180, stack(0x000000af95000000,0x000000af95500000)]
  0x000002133a10d800 JavaThread "Java2D Disposer" daemon [_thread_blocked, id=3732, stack(0x000000af94b00000,0x000000af95000000)]
  0x0000021339a8f800 JavaThread "TimerQueue" daemon [_thread_blocked, id=4240, stack(0x000000af94100000,0x000000af94600000)]
  0x0000021339035800 JavaThread "Service Thread" daemon [_thread_blocked, id=216, stack(0x000000af93b00000,0x000000af94000000)]
  0x0000021321f01800 JavaThread "C1 CompilerThread2" daemon [_thread_blocked, id=6840, stack(0x000000af93a00000,0x000000af93b00000)]
  0x0000021338d31000 JavaThread "C2 CompilerThread1" daemon [_thread_blocked, id=25540, stack(0x000000af93900000,0x000000af93a00000)]
  0x0000021338ec2000 JavaThread "C2 CompilerThread0" daemon [_thread_blocked, id=27208, stack(0x000000af93800000,0x000000af93900000)]
  0x0000021338ec3800 JavaThread "Attach Listener" daemon [_thread_blocked, id=13272, stack(0x000000af93300000,0x000000af93800000)]
  0x0000021338eb1000 JavaThread "Signal Dispatcher" daemon [_thread_blocked, id=11768, stack(0x000000af92e00000,0x000000af93300000)]
  0x0000021338d45000 JavaThread "Finalizer" daemon [_thread_blocked, id=15796, stack(0x000000af92900000,0x000000af92e00000)]
  0x0000021338d46800 JavaThread "Reference Handler" daemon [_thread_blocked, id=19040, stack(0x000000af92400000,0x000000af92900000)]
  0x000002131e86f000 JavaThread "main" [_thread_blocked, id=20668, stack(0x000000af91e00000,0x000000af91f00000)]

Other Threads:
  0x0000021338d4a000 VMThread [stack: 0x000000af92300000,0x000000af92400000] [id=15388]
  0x0000021339034000 WatcherThread [stack: 0x000000af94000000,0x000000af94100000] [id=22404]

VM state:not at safepoint (normal execution)

VM Mutex/Monitor currently owned by a thread: None

Heap:
 PSYoungGen      total 51712K, used 22091K [0x00000007bc400000, 0x00000007c0000000, 0x00000007c0000000)
  eden space 43008K, 34% used [0x00000007bc400000,0x00000007bd27c718,0x00000007bee00000)
  from space 8704K, 83% used [0x00000007bf780000,0x00000007bfe967a8,0x00000007c0000000)
  to   space 9216K, 0% used [0x00000007bee00000,0x00000007bee00000,0x00000007bf700000)
 ParOldGen       total 155648K, used 39801K [0x0000000700000000, 0x0000000709800000, 0x00000007bc400000)
  object space 155648K, 25% used [0x0000000700000000,0x00000007026de6f8,0x0000000709800000)
 Metaspace       used 54101K, capacity 54471K, committed 55088K, reserved 1095680K
  class space    used 7770K, capacity 7864K, committed 7984K, reserved 1048576K

Card table byte_map: [0x00000213312d0000,0x00000213318e0000] byte_map_base: 0x000002132dad0000

Marking Bits: (ParMarkBitMap*) 0x0000000063e7d490
 Begin Bits: [0x0000021331ed0000, 0x0000021334ed0000)
 End Bits:   [0x0000021334ed0000, 0x0000021337ed0000)

Polling page: 0x000002131e790000

CodeCache: size=245760Kb used=36086Kb max_used=36176Kb free=209673Kb
 bounds [0x0000021321f10000, 0x00000213242a0000, 0x0000021330f10000]
 total_blobs=10232 nmethods=9414 adapters=724
 compilation: enabled

Compilation events (10 events):
Event: 535.153 Thread 0x0000021321f01800 11806  s    3       com.jidesoft.grid.DefaultTableModelWrapper::setIndexes (6 bytes)
Event: 535.153 Thread 0x0000021321f01800 nmethod 11806 0x000002132349acd0 code [0x000002132349ae20, 0x000002132349b0f8]
Event: 535.158 Thread 0x0000021321f01800 11807   !   3       com.jidesoft.grid.TableModelWrapperImpl::tableChanged (259 bytes)
Event: 535.159 Thread 0x0000021321f01800 nmethod 11807 0x0000021322b26490 code [0x0000021322b26760, 0x0000021322b286d0]
Event: 535.163 Thread 0x0000021321f01800 11810       3       ui.g.i.b.l::a (38 bytes)
Event: 535.164 Thread 0x0000021321f01800 nmethod 11810 0x0000021322b24ed0 code [0x0000021322b25100, 0x0000021322b25e20]
Event: 535.167 Thread 0x0000021321f01800 11809       3       com.jidesoft.grid.AbstractExpandable::getExpandableTreeTableModel (9 bytes)
Event: 535.167 Thread 0x0000021321f01800 nmethod 11809 0x00000213221256d0 code [0x0000021322125840, 0x0000021322125aa0]
Event: 535.167 Thread 0x0000021321f01800 11808       3       javax.swing.table.DefaultTableColumnModel::getTotalColumnWidth (17 bytes)
Event: 535.167 Thread 0x0000021321f01800 nmethod 11808 0x000002132242df10 code [0x000002132242e080, 0x000002132242e270]

GC Heap History (10 events):
Event: 513.939 GC heap before
{Heap before GC invocations=47 (full 5):
 PSYoungGen      total 52736K, used 49183K [0x00000007bc400000, 0x00000007c0000000, 0x00000007c0000000)
  eden space 44032K, 100% used [0x00000007bc400000,0x00000007bef00000,0x00000007bef00000)
  from space 8704K, 59% used [0x00000007bef00000,0x00000007bf407f10,0x00000007bf780000)
  to   space 8704K, 0% used [0x00000007bf780000,0x00000007bf780000,0x00000007c0000000)
 ParOldGen       total 155648K, used 39785K [0x0000000700000000, 0x0000000709800000, 0x00000007bc400000)
  object space 155648K, 25% used [0x0000000700000000,0x00000007026da6f8,0x0000000709800000)
 Metaspace       used 53363K, capacity 53697K, committed 54320K, reserved 1095680K
  class space    used 7558K, capacity 7607K, committed 7728K, reserved 1048576K
Event: 513.943 GC heap after
Heap after GC invocations=47 (full 5):
 PSYoungGen      total 52736K, used 5100K [0x00000007bc400000, 0x00000007c0000000, 0x00000007c0000000)
  eden space 44032K, 0% used [0x00000007bc400000,0x00000007bc400000,0x00000007bef00000)
  from space 8704K, 58% used [0x00000007bf780000,0x00000007bfc7b2b0,0x00000007c0000000)
  to   space 8704K, 0% used [0x00000007bef00000,0x00000007bef00000,0x00000007bf780000)
 ParOldGen       total 155648K, used 39785K [0x0000000700000000, 0x0000000709800000, 0x00000007bc400000)
  object space 155648K, 25% used [0x0000000700000000,0x00000007026da6f8,0x0000000709800000)
 Metaspace       used 53363K, capacity 53697K, committed 54320K, reserved 1095680K
  class space    used 7558K, capacity 7607K, committed 7728K, reserved 1048576K
}
Event: 515.209 GC heap before
{Heap before GC invocations=48 (full 5):
 PSYoungGen      total 52736K, used 37170K [0x00000007bc400000, 0x00000007c0000000, 0x00000007c0000000)
  eden space 44032K, 72% used [0x00000007bc400000,0x00000007be351850,0x00000007bef00000)
  from space 8704K, 58% used [0x00000007bf780000,0x00000007bfc7b2b0,0x00000007c0000000)
  to   space 8704K, 0% used [0x00000007bef00000,0x00000007bef00000,0x00000007bf780000)
 ParOldGen       total 155648K, used 39785K [0x0000000700000000, 0x0000000709800000, 0x00000007bc400000)
  object space 155648K, 25% used [0x0000000700000000,0x00000007026da6f8,0x0000000709800000)
 Metaspace       used 53367K, capacity 53697K, committed 54320K, reserved 1095680K
  class space    used 7558K, capacity 7607K, committed 7728K, reserved 1048576K
Event: 515.213 GC heap after
Heap after GC invocations=48 (full 5):
 PSYoungGen      total 52736K, used 5106K [0x00000007bc400000, 0x00000007c0000000, 0x00000007c0000000)
  eden space 44032K, 0% used [0x00000007bc400000,0x00000007bc400000,0x00000007bef00000)
  from space 8704K, 58% used [0x00000007bef00000,0x00000007bf3fc980,0x00000007bf780000)
  to   space 8704K, 0% used [0x00000007bf780000,0x00000007bf780000,0x00000007c0000000)
 ParOldGen       total 155648K, used 39785K [0x0000000700000000, 0x0000000709800000, 0x00000007bc400000)
  object space 155648K, 25% used [0x0000000700000000,0x00000007026da6f8,0x0000000709800000)
 Metaspace       used 53367K, capacity 53697K, committed 54320K, reserved 1095680K
  class space    used 7558K, capacity 7607K, committed 7728K, reserved 1048576K
}
Event: 516.601 GC heap before
{Heap before GC invocations=49 (full 5):
 PSYoungGen      total 52736K, used 49138K [0x00000007bc400000, 0x00000007c0000000, 0x00000007c0000000)
  eden space 44032K, 100% used [0x00000007bc400000,0x00000007bef00000,0x00000007bef00000)
  from space 8704K, 58% used [0x00000007bef00000,0x00000007bf3fc980,0x00000007bf780000)
  to   space 8704K, 0% used [0x00000007bf780000,0x00000007bf780000,0x00000007c0000000)
 ParOldGen       total 155648K, used 39785K [0x0000000700000000, 0x0000000709800000, 0x00000007bc400000)
  object space 155648K, 25% used [0x0000000700000000,0x00000007026da6f8,0x0000000709800000)
 Metaspace       used 53384K, capacity 53697K, committed 54320K, reserved 1095680K
  class space    used 7558K, capacity 7607K, committed 7728K, reserved 1048576K
Event: 516.607 GC heap after
Heap after GC invocations=49 (full 5):
 PSYoungGen      total 52736K, used 5437K [0x00000007bc400000, 0x00000007c0000000, 0x00000007c0000000)
  eden space 44032K, 0% used [0x00000007bc400000,0x00000007bc400000,0x00000007bef00000)
  from space 8704K, 62% used [0x00000007bf780000,0x00000007bfccf560,0x00000007c0000000)
  to   space 8704K, 0% used [0x00000007bef00000,0x00000007bef00000,0x00000007bf780000)
 ParOldGen       total 155648K, used 39793K [0x0000000700000000, 0x0000000709800000, 0x00000007bc400000)
  object space 155648K, 25% used [0x0000000700000000,0x00000007026dc6f8,0x0000000709800000)
 Metaspace       used 53384K, capacity 53697K, committed 54320K, reserved 1095680K
  class space    used 7558K, capacity 7607K, committed 7728K, reserved 1048576K
}
Event: 517.357 GC heap before
{Heap before GC invocations=50 (full 5):
 PSYoungGen      total 52736K, used 49469K [0x00000007bc400000, 0x00000007c0000000, 0x00000007c0000000)
  eden space 44032K, 100% used [0x00000007bc400000,0x00000007bef00000,0x00000007bef00000)
  from space 8704K, 62% used [0x00000007bf780000,0x00000007bfccf560,0x00000007c0000000)
  to   space 8704K, 0% used [0x00000007bef00000,0x00000007bef00000,0x00000007bf780000)
 ParOldGen       total 155648K, used 39793K [0x0000000700000000, 0x0000000709800000, 0x00000007bc400000)
  object space 155648K, 25% used [0x0000000700000000,0x00000007026dc6f8,0x0000000709800000)
 Metaspace       used 53387K, capacity 53697K, committed 54320K, reserved 1095680K
  class space    used 7558K, capacity 7607K, committed 7728K, reserved 1048576K
Event: 517.363 GC heap after
Heap after GC invocations=50 (full 5):
 PSYoungGen      total 52736K, used 5431K [0x00000007bc400000, 0x00000007c0000000, 0x00000007c0000000)
  eden space 44032K, 0% used [0x00000007bc400000,0x00000007bc400000,0x00000007bef00000)
  from space 8704K, 62% used [0x00000007bef00000,0x00000007bf44dc68,0x00000007bf780000)
  to   space 8704K, 0% used [0x00000007bf780000,0x00000007bf780000,0x00000007c0000000)
 ParOldGen       total 155648K, used 39793K [0x0000000700000000, 0x0000000709800000, 0x00000007bc400000)
  object space 155648K, 25% used [0x0000000700000000,0x00000007026dc6f8,0x0000000709800000)
 Metaspace       used 53387K, capacity 53697K, committed 54320K, reserved 1095680K
  class space    used 7558K, capacity 7607K, committed 7728K, reserved 1048576K
}
Event: 528.941 GC heap before
{Heap before GC invocations=51 (full 5):
 PSYoungGen      total 52736K, used 49463K [0x00000007bc400000, 0x00000007c0000000, 0x00000007c0000000)
  eden space 44032K, 100% used [0x00000007bc400000,0x00000007bef00000,0x00000007bef00000)
  from space 8704K, 62% used [0x00000007bef00000,0x00000007bf44dc68,0x00000007bf780000)
  to   space 8704K, 0% used [0x00000007bf780000,0x00000007bf780000,0x00000007c0000000)
 ParOldGen       total 155648K, used 39793K [0x0000000700000000, 0x0000000709800000, 0x00000007bc400000)
  object space 155648K, 25% used [0x0000000700000000,0x00000007026dc6f8,0x0000000709800000)
 Metaspace       used 54025K, capacity 54375K, committed 54960K, reserved 1095680K
  class space    used 7762K, capacity 7832K, committed 7856K, reserved 1048576K
Event: 528.948 GC heap after
Heap after GC invocations=51 (full 5):
 PSYoungGen      total 51712K, used 7257K [0x00000007bc400000, 0x00000007c0000000, 0x00000007c0000000)
  eden space 43008K, 0% used [0x00000007bc400000,0x00000007bc400000,0x00000007bee00000)
  from space 8704K, 83% used [0x00000007bf780000,0x00000007bfe967a8,0x00000007c0000000)
  to   space 9216K, 0% used [0x00000007bee00000,0x00000007bee00000,0x00000007bf700000)
 ParOldGen       total 155648K, used 39801K [0x0000000700000000, 0x0000000709800000, 0x00000007bc400000)
  object space 155648K, 25% used [0x0000000700000000,0x00000007026de6f8,0x0000000709800000)
 Metaspace       used 54025K, capacity 54375K, committed 54960K, reserved 1095680K
  class space    used 7762K, capacity 7832K, committed 7856K, reserved 1048576K
}

Deoptimization events (10 events):
Event: 528.193 Thread 0x0000021321e3e800 Uncommon trap: reason=class_check action=maybe_recompile pc=0x0000021323cae00c method=com.jidesoft.grid.TableModelWrapperUtils.getActualColumnAt(Ljavax/swing/table/TableModel;ILjavax/swing/table/TableModel;)I @ 55
Event: 528.194 Thread 0x0000021321e3e800 Uncommon trap: reason=bimorphic action=maybe_recompile pc=0x0000021323bfb61c method=com.jidesoft.grid.JideTable.rowAtPoint(Ljava/awt/Point;)I @ 11
Event: 528.194 Thread 0x0000021321e3e800 Uncommon trap: reason=bimorphic action=maybe_recompile pc=0x0000021323bfb61c method=com.jidesoft.grid.JideTable.rowAtPoint(Ljava/awt/Point;)I @ 11
Event: 528.196 Thread 0x0000021321e3e800 Uncommon trap: reason=unreached action=reinterpret pc=0x0000021322348d90 method=java.awt.geom.AffineTransform.transform([FI[FII)V @ 2
Event: 528.309 Thread 0x0000021321e3e800 Uncommon trap: reason=bimorphic action=maybe_recompile pc=0x0000021323bfb61c method=com.jidesoft.grid.JideTable.rowAtPoint(Ljava/awt/Point;)I @ 11
Event: 528.310 Thread 0x0000021321e3e800 Uncommon trap: reason=bimorphic action=maybe_recompile pc=0x0000021323bfb61c method=com.jidesoft.grid.JideTable.rowAtPoint(Ljava/awt/Point;)I @ 11
Event: 528.311 Thread 0x0000021321e3e800 Uncommon trap: reason=class_check action=maybe_recompile pc=0x0000021323cae00c method=com.jidesoft.grid.TableModelWrapperUtils.getActualColumnAt(Ljavax/swing/table/TableModel;ILjavax/swing/table/TableModel;)I @ 55
Event: 531.655 Thread 0x0000021321e3e800 Uncommon trap: reason=class_check action=maybe_recompile pc=0x0000021323da3814 method=java.awt.Component.removeNotify()V @ 310
Event: 531.655 Thread 0x0000021321e3e800 Uncommon trap: reason=speculate_class_check action=maybe_recompile pc=0x000002132421c6a4 method=java.awt.Component.dispatchEvent(Ljava/awt/AWTEvent;)V @ 2
Event: 535.152 Thread 0x0000021321e3e800 Uncommon trap: reason=class_check action=maybe_recompile pc=0x0000021323da3814 method=java.awt.Component.removeNotify()V @ 310

Internal exceptions (10 events):
Event: 528.177 Thread 0x0000021321e3e800 Exception <a 'java/security/PrivilegedActionException'> (0x00000007be8d3f80) thrown at [D:\re\workspace\8-2-build-windows-amd64-cygwin\jdk8u25\1677\hotspot\src\share\vm\prims\jvm.cpp, line 1312]
Event: 528.177 Thread 0x0000021321e3e800 Exception <a 'java/security/PrivilegedActionException'> (0x00000007be8d86b0) thrown at [D:\re\workspace\8-2-build-windows-amd64-cygwin\jdk8u25\1677\hotspot\src\share\vm\prims\jvm.cpp, line 1312]
Event: 528.195 Thread 0x0000021321e3e800 Exception <a 'java/security/PrivilegedActionException'> (0x00000007be93ea00) thrown at [D:\re\workspace\8-2-build-windows-amd64-cygwin\jdk8u25\1677\hotspot\src\share\vm\prims\jvm.cpp, line 1312]
Event: 528.295 Thread 0x0000021321e3e800 Exception <a 'java/security/PrivilegedActionException'> (0x00000007becc8510) thrown at [D:\re\workspace\8-2-build-windows-amd64-cygwin\jdk8u25\1677\hotspot\src\share\vm\prims\jvm.cpp, line 1312]
Event: 531.660 Thread 0x0000021321e3e800 Exception <a 'java/security/PrivilegedActionException'> (0x00000007bc4f79b0) thrown at [D:\re\workspace\8-2-build-windows-amd64-cygwin\jdk8u25\1677\hotspot\src\share\vm\prims\jvm.cpp, line 1312]
Event: 531.661 Thread 0x0000021321e3e800 Exception <a 'java/security/PrivilegedActionException'> (0x00000007bc502258) thrown at [D:\re\workspace\8-2-build-windows-amd64-cygwin\jdk8u25\1677\hotspot\src\share\vm\prims\jvm.cpp, line 1312]
Event: 531.665 Thread 0x0000021321e3e800 Exception <a 'java/security/PrivilegedActionException'> (0x00000007bc541100) thrown at [D:\re\workspace\8-2-build-windows-amd64-cygwin\jdk8u25\1677\hotspot\src\share\vm\prims\jvm.cpp, line 1312]
Event: 531.666 Thread 0x0000021321e3e800 Exception <a 'java/security/PrivilegedActionException'> (0x00000007bc548b00) thrown at [D:\re\workspace\8-2-build-windows-amd64-cygwin\jdk8u25\1677\hotspot\src\share\vm\prims\jvm.cpp, line 1312]
Event: 532.828 Thread 0x0000021321e3e800 Exception <a 'java/io/FileNotFoundException'> (0x00000007bc5c26a8) thrown at [D:\re\workspace\8-2-build-windows-amd64-cygwin\jdk8u25\1677\hotspot\src\share\vm\prims\jni.cpp, line 716]
Event: 534.665 Thread 0x0000021321e3e800 Exception <a 'java/security/PrivilegedActionException'> (0x00000007bc7783d0) thrown at [D:\re\workspace\8-2-build-windows-amd64-cygwin\jdk8u25\1677\hotspot\src\share\vm\prims\jvm.cpp, line 1312]

Events (10 events):
Event: 535.143 Thread 0x0000021321f01800 flushing nmethod 0x0000021322f91f10
Event: 535.147 Thread 0x0000021321f01800 flushing nmethod 0x000002132345d8d0
Event: 535.148 Thread 0x0000021321f01800 flushing nmethod 0x000002132349acd0
Event: 535.152 Thread 0x0000021338d31000 flushing nmethod 0x000002132370f250
Event: 535.152 Thread 0x0000021321e3e800 Uncommon trap: trap_request=0xffffffde fr.pc=0x0000021323da3814
Event: 535.152 Thread 0x0000021321e3e800 DEOPT PACKING pc=0x0000021323da3814 sp=0x000000af968f6dd0
Event: 535.152 Thread 0x0000021321e3e800 DEOPT UNPACKING pc=0x0000021321f55572 sp=0x000000af968f6d60 mode 2
Event: 535.153 Thread 0x0000021321f01800 flushing nmethod 0x0000021323810210
Event: 535.160 Thread 0x0000021321f01800 flushing nmethod 0x0000021323baa250
Event: 535.161 Thread 0x0000021321f01800 flushing nmethod 0x0000021323cc00d0


Dynamic libraries:
0x00007ff775660000 - 0x00007ff77569d000 	D:\Vivado\Vivado\2015.2\bin\unwrapped\win64.o\vivado.exe
0x00007ffd64670000 - 0x00007ffd64850000 	C:\WINDOWS\SYSTEM32\ntdll.dll
0x00007ffd64590000 - 0x00007ffd6463e000 	C:\WINDOWS\System32\KERNEL32.DLL
0x00007ffd60e30000 - 0x00007ffd61096000 	C:\WINDOWS\System32\KERNELBASE.dll
0x000000000a900000 - 0x000000000a98d000 	D:\Vivado\Vivado\2015.2\lib\win64.o\SHSMP64.dll
0x00007ffd5b680000 - 0x00007ffd5b693000 	D:\Vivado\Vivado\2015.2\lib\win64.o\libboost_signals.dll
0x00007ffd61b40000 - 0x00007ffd61ccf000 	C:\WINDOWS\System32\USER32.dll
0x00007ffd60cc0000 - 0x00007ffd60ce0000 	C:\WINDOWS\System32\win32u.dll
0x00007ffd642e0000 - 0x00007ffd64308000 	C:\WINDOWS\System32\GDI32.dll
0x00007ffd54d30000 - 0x00007ffd54dd7000 	C:\WINDOWS\SYSTEM32\MSVCP110.dll
0x00007ffd2ed50000 - 0x00007ffd2f693000 	D:\Vivado\Vivado\2015.2\lib\win64.o\librdi_common.dll
0x00007ffd60ad0000 - 0x00007ffd60c63000 	C:\WINDOWS\System32\gdi32full.dll
0x00007ffd60ce0000 - 0x00007ffd60d7b000 	C:\WINDOWS\System32\msvcp_win.dll
0x00007ffd55340000 - 0x00007ffd55414000 	C:\WINDOWS\SYSTEM32\MSVCR110.dll
0x00007ffd61a40000 - 0x00007ffd61b36000 	C:\WINDOWS\System32\ucrtbase.dll
0x00007ffd64440000 - 0x00007ffd64448000 	C:\WINDOWS\System32\PSAPI.DLL
0x00007ffd62140000 - 0x00007ffd621e1000 	C:\WINDOWS\System32\ADVAPI32.dll
0x00007ffd62780000 - 0x00007ffd63bb6000 	C:\WINDOWS\System32\SHELL32.dll
0x00007ffd63bc0000 - 0x00007ffd63c5d000 	C:\WINDOWS\System32\msvcrt.dll
0x00007ffd60c70000 - 0x00007ffd60cba000 	C:\WINDOWS\System32\cfgmgr32.dll
0x00007ffd640c0000 - 0x00007ffd6411b000 	C:\WINDOWS\System32\sechost.dll
0x00007ffd62350000 - 0x00007ffd6246f000 	C:\WINDOWS\System32\RPCRT4.dll
0x00007ffd64230000 - 0x00007ffd642d6000 	C:\WINDOWS\System32\shcore.dll
0x00007ffd41e00000 - 0x00007ffd420a8000 	D:\Vivado\Vivado\2015.2\lib\win64.o\libCOIN-all.dll
0x00007ffd62470000 - 0x00007ffd62778000 	C:\WINDOWS\System32\combase.dll
0x00007ffd610a0000 - 0x00007ffd61112000 	C:\WINDOWS\System32\bcryptPrimitives.dll
0x00007ffd612f0000 - 0x00007ffd61a37000 	C:\WINDOWS\System32\windows.storage.dll
0x00007ffd5a370000 - 0x00007ffd5a380000 	D:\Vivado\Vivado\2015.2\lib\win64.o\libboost_date_time.dll
0x00007ffd643b0000 - 0x00007ffd64401000 	C:\WINDOWS\System32\shlwapi.dll
0x00007ffd3cc70000 - 0x00007ffd3ce90000 	D:\Vivado\Vivado\2015.2\lib\win64.o\libXil_lmgr11.dll
0x00007ffd64120000 - 0x00007ffd6422a000 	C:\WINDOWS\System32\COMDLG32.dll
0x00007ffd59b80000 - 0x00007ffd59ba2000 	D:\Vivado\Vivado\2015.2\lib\win64.o\libboost_filesystem.dll
0x00007ffd609c0000 - 0x00007ffd609d1000 	C:\WINDOWS\System32\kernel.appcore.dll
0x00007ffd609e0000 - 0x00007ffd60a2c000 	C:\WINDOWS\System32\powrprof.dll
0x00007ffd621f0000 - 0x00007ffd622b5000 	C:\WINDOWS\System32\OLEAUT32.dll
0x00007ffd63dd0000 - 0x00007ffd63f19000 	C:\WINDOWS\System32\ole32.dll
0x00007ffd60a50000 - 0x00007ffd60a6b000 	C:\WINDOWS\System32\profapi.dll
0x00007ffd47b10000 - 0x00007ffd47b84000 	D:\Vivado\Vivado\2015.2\lib\win64.o\libboost_program_options.dll
0x00007ffd60a70000 - 0x00007ffd60ac8000 	C:\WINDOWS\System32\WINTRUST.dll
0x00007ffd60a30000 - 0x00007ffd60a42000 	C:\WINDOWS\System32\MSASN1.dll
0x00007ffd61120000 - 0x00007ffd612ee000 	C:\WINDOWS\System32\CRYPT32.dll
0x00007ffd47410000 - 0x00007ffd4750a000 	D:\Vivado\Vivado\2015.2\lib\win64.o\libboost_regex.dll
0x00007ffd5b650000 - 0x00007ffd5b661000 	D:\Vivado\Vivado\2015.2\lib\win64.o\librdi_commonmain.dll
0x00007ffd519a0000 - 0x00007ffd519bd000 	D:\Vivado\Vivado\2015.2\lib\win64.o\libboost_thread.dll
0x00007ffd47390000 - 0x00007ffd47410000 	D:\Vivado\Vivado\2015.2\lib\win64.o\libhdlpsolve.dll
0x00007ffd47160000 - 0x00007ffd471fa000 	D:\Vivado\Vivado\2015.2\lib\win64.o\libhdxml.dll
0x00007ffd4a3a0000 - 0x00007ffd4a3c3000 	D:\Vivado\Vivado\2015.2\lib\win64.o\libisl_iosutils.dll
0x00007ffd59d90000 - 0x00007ffd59d99000 	D:\Vivado\Vivado\2015.2\lib\win64.o\libboost_system.dll
0x00007ffd49c90000 - 0x00007ffd49cba000 	D:\Vivado\Vivado\2015.2\lib\win64.o\libisl_sysinfo.dll
0x00007ffd622e0000 - 0x00007ffd6234c000 	C:\WINDOWS\System32\WS2_32.dll
0x00007ffd51920000 - 0x00007ffd51935000 	D:\Vivado\Vivado\2015.2\lib\win64.o\pthreadVC2.dll
0x00007ffd33270000 - 0x00007ffd3387a200 	D:\Vivado\Vivado\2015.2\lib\win64.o\libisl_iostreams.dll
0x00007ffd47330000 - 0x00007ffd47384000 	D:\Vivado\Vivado\2015.2\lib\win64.o\librdi_commonxillic.dll
0x00007ffd46990000 - 0x00007ffd46ac0000 	D:\Vivado\Vivado\2015.2\lib\win64.o\librdi_curl.dll
0x00007ffd51020000 - 0x00007ffd51038000 	D:\Vivado\Vivado\2015.2\lib\win64.o\librdiconfig.dll
0x00007ffd48b00000 - 0x00007ffd48b23000 	D:\Vivado\Vivado\2015.2\lib\win64.o\librdizlib.dll
0x0000000012000000 - 0x0000000012263000 	D:\Vivado\Vivado\2015.2\lib\win64.o\xerces-c_3_1.dll
0x0000000063570000 - 0x0000000063697000 	D:\Vivado\Vivado\2015.2\lib\win64.o\tcl85t.dll
0x00007ffd523e0000 - 0x00007ffd52714000 	C:\WINDOWS\SYSTEM32\WININET.dll
0x00007ffd547d0000 - 0x00007ffd5499c000 	C:\WINDOWS\SYSTEM32\urlmon.dll
0x00000000636a0000 - 0x0000000063efa000 	D:\Vivado\Vivado\2015.2\tps\win64\jre\bin\server\jvm.dll
0x00007ffd62120000 - 0x00007ffd6213d000 	C:\WINDOWS\System32\imagehlp.dll
0x00007ffd5a740000 - 0x00007ffd5a74a000 	C:\WINDOWS\SYSTEM32\VERSION.dll
0x00007ffd4ee10000 - 0x00007ffd4ee27000 	C:\WINDOWS\SYSTEM32\NETAPI32.dll
0x00007ffd5c840000 - 0x00007ffd5c8e6000 	C:\WINDOWS\WinSxS\amd64_microsoft.windows.common-controls_6595b64144ccf1df_5.82.16299.248_none_8879e63c4abacc42\COMCTL32.dll
0x00007ffd4dd70000 - 0x00007ffd4dd79000 	C:\WINDOWS\SYSTEM32\WSOCK32.dll
0x00007ffd486b0000 - 0x00007ffd486d3000 	C:\WINDOWS\SYSTEM32\VCOMP110.DLL
0x00007ffd59b70000 - 0x00007ffd59b79000 	D:\Vivado\Vivado\2015.2\lib\win64.o\librdi_commonversion.dll
0x00007ffd53d80000 - 0x00007ffd53d8b000 	D:\Vivado\Vivado\2015.2\lib\win64.o\libboost_chrono.dll
0x00007ffd507d0000 - 0x00007ffd507e6000 	D:\Vivado\Vivado\2015.2\lib\win64.o\libboost_iostreams.dll
0x00007ffd54530000 - 0x00007ffd547c9000 	C:\WINDOWS\SYSTEM32\iertutil.dll
0x00007ffd5d540000 - 0x00007ffd5d563000 	C:\WINDOWS\SYSTEM32\WINMM.dll
0x0000000063490000 - 0x0000000063562000 	C:\WINDOWS\SYSTEM32\MSVCR100.dll
0x00007ffd5d510000 - 0x00007ffd5d53a000 	C:\WINDOWS\SYSTEM32\WINMMBASE.dll
0x00007ffd60430000 - 0x00007ffd6043b000 	C:\WINDOWS\SYSTEM32\CRYPTBASE.DLL
0x00007ffd5a3f0000 - 0x00007ffd5a4ce000 	C:\WINDOWS\SYSTEM32\WINHTTP.dll
0x00007ffd64410000 - 0x00007ffd6443d000 	C:\WINDOWS\System32\IMM32.DLL
0x00007ffd3bec0000 - 0x00007ffd3c2ca000 	D:\Vivado\Vivado\2015.2\lib\win64.o\librdi_commontasks.dll
0x00007ffd2e540000 - 0x00007ffd2ed50000 	D:\Vivado\Vivado\2015.2\lib\win64.o\libXil_lmgr11FNP.dll
0x00007ffd61cd0000 - 0x00007ffd6211e000 	C:\WINDOWS\System32\SETUPAPI.dll
0x00007ffd5ffe0000 - 0x00007ffd60019000 	C:\WINDOWS\SYSTEM32\iphlpapi.dll
0x00007ffd3a3b0000 - 0x00007ffd3a3bc000 	C:\WINDOWS\SYSTEM32\snmpapi.dll
0x00007ffd576b0000 - 0x00007ffd57736000 	C:\WINDOWS\SYSTEM32\WINSPOOL.DRV
0x00007ffd539b0000 - 0x00007ffd53a1e000 	C:\WINDOWS\SYSTEM32\OLEACC.dll
0x00007ffd60520000 - 0x00007ffd60545000 	C:\WINDOWS\SYSTEM32\bcrypt.dll
0x00007ffd60410000 - 0x00007ffd60427000 	C:\WINDOWS\SYSTEM32\CRYPTSP.dll
0x00007ffd5fe60000 - 0x00007ffd5fe93000 	C:\WINDOWS\system32\rsaenh.dll
0x00007ffd608c0000 - 0x00007ffd608f0000 	C:\WINDOWS\SYSTEM32\SspiCli.dll
0x00007ffd607d0000 - 0x00007ffd607f7000 	C:\WINDOWS\SYSTEM32\DEVOBJ.dll
0x00007ffd5ee30000 - 0x00007ffd5eec5000 	C:\WINDOWS\system32\uxtheme.dll
0x00007ffd64310000 - 0x00007ffd643ae000 	C:\WINDOWS\System32\clbcatq.dll
0x00007ffd5d7d0000 - 0x00007ffd5d7e6000 	C:\WINDOWS\system32\napinsp.dll
0x00007ffd5be80000 - 0x00007ffd5be9a000 	C:\WINDOWS\system32\pnrpnsp.dll
0x00007ffd5d790000 - 0x00007ffd5d7a8000 	C:\WINDOWS\system32\NLAapi.dll
0x00007ffd60250000 - 0x00007ffd602b6000 	C:\WINDOWS\System32\mswsock.dll
0x00007ffd60020000 - 0x00007ffd600d6000 	C:\WINDOWS\SYSTEM32\DNSAPI.dll
0x00007ffd622d0000 - 0x00007ffd622d8000 	C:\WINDOWS\System32\NSI.dll
0x00007ffd5d7c0000 - 0x00007ffd5d7ce000 	C:\WINDOWS\System32\winrnr.dll
0x00007ffd44980000 - 0x00007ffd44995000 	C:\WINDOWS\System32\wshbth.dll
0x00007ffd57070000 - 0x00007ffd570e0000 	C:\WINDOWS\System32\fwpuclnt.dll
0x00007ffd56ce0000 - 0x00007ffd56cea000 	C:\Windows\System32\rasadhlp.dll
0x00007ffd53370000 - 0x00007ffd5337a000 	C:\WINDOWS\system32\wshqos.dll
0x00007ffd53360000 - 0x00007ffd53368000 	C:\WINDOWS\SYSTEM32\wshtcpip.DLL
0x00007ffd528c0000 - 0x00007ffd528c8000 	C:\WINDOWS\SYSTEM32\wship6.dll
0x00007ffd5fb00000 - 0x00007ffd5fb31000 	C:\WINDOWS\SYSTEM32\ntmarta.dll
0x00007ffd2d950000 - 0x00007ffd2deeb000 	D:\Vivado\Vivado\2015.2\lib\win64.o\librdi_coretasks.dll
0x00007ffd3bbe0000 - 0x00007ffd3bd9e000 	D:\Vivado\Vivado\2015.2\lib\win64.o\librdi_chipscope.dll
0x00007ffd39bf0000 - 0x00007ffd39d2a000 	D:\Vivado\Vivado\2015.2\lib\win64.o\librdi_board.dll
0x00007ffd2c840000 - 0x00007ffd2d94b000 	D:\Vivado\Vivado\2015.2\lib\win64.o\librdi_constraints.dll
0x00007ffd2e0a0000 - 0x00007ffd2e533000 	D:\Vivado\Vivado\2015.2\lib\win64.o\librdi_drc.dll
0x00007ffd394f0000 - 0x00007ffd3981d000 	D:\Vivado\Vivado\2015.2\lib\win64.o\librdi_filemgmt.dll
0x00007ffd2c410000 - 0x00007ffd2c832000 	D:\Vivado\Vivado\2015.2\lib\win64.o\librdi_netlist.dll
0x00007ffd2ade0000 - 0x00007ffd2c404000 	D:\Vivado\Vivado\2015.2\lib\win64.o\librdi_place.dll
0x00007ffd29e00000 - 0x00007ffd2a2e1000 	D:\Vivado\Vivado\2015.2\lib\win64.o\librdi_power.dll
0x00007ffd2a9e0000 - 0x00007ffd2addb000 	D:\Vivado\Vivado\2015.2\lib\win64.o\librdi_project.dll
0x00007ffd47e90000 - 0x00007ffd47edd000 	D:\Vivado\Vivado\2015.2\lib\win64.o\librdi_projectbase.dll
0x00007ffd29970000 - 0x00007ffd29e00000 	D:\Vivado\Vivado\2015.2\lib\win64.o\librdi_psta.dll
0x00007ffd29540000 - 0x00007ffd29968000 	D:\Vivado\Vivado\2015.2\lib\win64.o\librdi_rsb.dll
0x00007ffd37a90000 - 0x00007ffd37ce6000 	D:\Vivado\Vivado\2015.2\lib\win64.o\librdi_runs.dll
0x00007ffd47100000 - 0x00007ffd47159000 	D:\Vivado\Vivado\2015.2\lib\win64.o\librdi_runsbase.dll
0x00007ffd28c30000 - 0x00007ffd2953e000 	D:\Vivado\Vivado\2015.2\lib\win64.o\librdi_timing.dll
0x00007ffd431a0000 - 0x00007ffd43203000 	D:\Vivado\Vivado\2015.2\lib\win64.o\liblmx6.0.dll
0x00007ffd1af70000 - 0x00007ffd21a6f000 	D:\Vivado\Vivado\2015.2\lib\win64.o\librdi_device.dll
0x00007ffd178e0000 - 0x00007ffd1af65000 	D:\Vivado\Vivado\2015.2\lib\win64.o\librdi_designutils.dll
0x00007ffd470a0000 - 0x00007ffd470fd000 	D:\Vivado\Vivado\2015.2\lib\win64.o\librdi_boarddep.dll
0x00007ffd28350000 - 0x00007ffd28c2b000 	D:\Vivado\Vivado\2015.2\lib\win64.o\librdi_mig.dll
0x00007ffd27b40000 - 0x00007ffd2834d000 	D:\Vivado\Vivado\2015.2\lib\win64.o\libverific.dll
0x00007ffd443e0000 - 0x00007ffd44427000 	D:\Vivado\Vivado\2015.2\lib\win64.o\libboost_serialization.dll

VM Arguments:
jvm_args: -Dsun.java2d.pmoffscreen=false -Dsun.java2d.d3d=false -Dsun.awt.nopixfmt=true -Xverify:none -Dswing.aatext=true -XX:-UsePerfData -Djdk.map.althashing.threshold=512 -XX:StringTableSize=4072 -Djava.util.Arrays.useLegacyMergeSort=true -XX:NewSize=60m -XX:MaxNewSize=60m -Xms128m -Xmx3072m -Xss5m 
java_command: <unknown>
java_class_path (initial): D:/Vivado/Vivado/2015.2\lib\classes\alloy.jar;D:/Vivado/Vivado/2015.2\lib\classes\antlr-2.7.7.jar;D:/Vivado/Vivado/2015.2\lib\classes\batik-anim.jar;D:/Vivado/Vivado/2015.2\lib\classes\batik-awt-util.jar;D:/Vivado/Vivado/2015.2\lib\classes\batik-bridge.jar;D:/Vivado/Vivado/2015.2\lib\classes\batik-codec.jar;D:/Vivado/Vivado/2015.2\lib\classes\batik-css.jar;D:/Vivado/Vivado/2015.2\lib\classes\batik-dom.jar;D:/Vivado/Vivado/2015.2\lib\classes\batik-ext.jar;D:/Vivado/Vivado/2015.2\lib\classes\batik-gui-util.jar;D:/Vivado/Vivado/2015.2\lib\classes\batik-gvt.jar;D:/Vivado/Vivado/2015.2\lib\classes\batik-parser.jar;D:/Vivado/Vivado/2015.2\lib\classes\batik-script.jar;D:/Vivado/Vivado/2015.2\lib\classes\batik-svg-dom.jar;D:/Vivado/Vivado/2015.2\lib\classes\batik-swing.jar;D:/Vivado/Vivado/2015.2\lib\classes\batik-transcoder.jar;D:/Vivado/Vivado/2015.2\lib\classes\batik-util.jar;D:/Vivado/Vivado/2015.2\lib\classes\batik-xml.jar;D:/Vivado/Vivado/2015.2\lib\classes\commons-logging.jar;D:/Vivado/Vivado/2015.2\lib\classes\commons-math-2.2.jar;D:/Vivado/Vivado/2015.2\lib\classes\dom4j-1.6.1.jar;D:/Vivado/Vivado/2015.2\lib\classes\forms.jar;D:/Vivado/Vivado/2015.2\lib\classes\guava-15.0.jar;D:/Vivado/Vivado/2015.2\lib\classes\hsqldb.jar;D:/Vivado/Vivado/2015.2\lib\classes\jdom.jar;D:/Vivado/Vivado/2015.2\lib\classes\jide-action.jar;D:/Vivado/Vivado/2015.2\lib\classes\jide-charts.jar;D:/Vivado/Vivado/2015.2\lib\classes\jide-common.jar;D:/Vivado/Vivado/2015.2\lib\classes\jide-components.jar;D:/Vivado/Vivado/2015.2\lib\classes\jide-dashboard.jar;D:/Vivado/Vivado/2015.2\lib\classes\jide-data.jar;D:/Vivado/Vivado/2015.2\lib\classes\jide-dialogs.jar;D:/Vivado/Vivado/2015.2\lib\classes\jide-diff.jar;D:/Vivado/Vivado/2015.2\lib\classes\jide-dock.jar;D:/Vivado/Vivado/2015.2\lib\classes\jide-editor.jar;D:/Vivado/Vivado/2015.2\lib\classes\jide-gantt.jar;D:/Vivado/Vivado/2015.2\lib\classes\jide-grids.jar;D:/Vivado/Vivado/2015.2\lib\classes\jide-pivot.jar;D:/Vivad
Launcher Type: generic

Environment Variables:
PATH=D:/Vivado/Vivado/2015.2/bin;D:/Vivado/Vivado/2015.2/lib/win64.o;D:/Vivado/Vivado/2015.2/tps/win64/jre/bin/server;D:/Vivado/Vivado/2015.2/tps/win64/jre/bin;D:/Vivado/Vivado/2015.2/ids_lite/ISE/bin/nt64;D:/Vivado/Vivado/2015.2/ids_lite/ISE/lib/nt64;C:\Program Files\Microsoft MPI\Bin\;C:\ProgramData\Oracle\Java\javapath;C:\Program Files (x86)\Intel\iCLS Client\;C:\Program Files\Intel\iCLS Client\;C:\Windows\system32;C:\Windows;C:\Windows\System32\Wbem;C:\Windows\System32\WindowsPowerShell\v1.0\;C:\Program Files (x86)\NVIDIA Corporation\PhysX\Common;C:\Program Files (x86)\Intel\Intel(R) Management Engine Components\DAL;C:\Program Files\Intel\Intel(R) Management Engine Components\DAL;C:\Program Files (x86)\Intel\Intel(R) Management Engine Components\IPT;C:\Program Files\Intel\Intel(R) Management Engine Components\IPT;C:\Program Files\Intel\WiFi\bin\;C:\Program Files\Common Files\Intel\WirelessCommon\;C:\WINDOWS\system32;C:\WINDOWS;C:\WINDOWS\System32\Wbem;C:\WINDOWS\System32\WindowsPowerShell\v1.0\;C:\Program Files\dotnet\;C:\Program Files\Microsoft SQL Server\130\Tools\Binn\;D:\Program Files\Python\Scripts\;D:\Program Files\Python\;C:\Users\Œ‰ÃŸ”Œœ∑\AppData\Local\Microsoft\WindowsApps;C:\Users\Œ‰ÃŸ”Œœ∑\AppData\Local\GitHubDesktop\bin
USERNAME=Œ‰ÃŸ”Œœ∑
OS=Windows_NT
PROCESSOR_IDENTIFIER=Intel64 Family 6 Model 94 Stepping 3, GenuineIntel



---------------  S Y S T E M  ---------------

OS: Windows 8 , 64 bit Build 9200 

CPU:total 4 (4 cores per cpu, 1 threads per core) family 6 model 94 stepping 3, cmov, cx8, fxsr, mmx, sse, sse2, sse3, ssse3, sse4.1, sse4.2, popcnt, avx, avx2, aes, clmul, erms, rtm, lzcnt, tsc, tscinvbit, bmi1, bmi2

Memory: 4k page, physical 8299428k(4000608k free), swap 9610148k(3188596k free)

vm_info: Java HotSpot(TM) 64-Bit Server VM (25.25-b02) for windows-amd64 JRE (1.8.0_25-b18), built on Oct  7 2014 14:25:37 by "java_re" with MS VC++ 10.0 (VS2010)

time: Wed Mar 14 15:49:22 2018
elapsed time: 535 seconds (0d 0h 8m 55s)

